0 info it worked if it ends with ok
1 verbose cli [ 'node', '/usr/local/bin/npm', 'install', '-g', 'browserify' ]
2 info using npm@1.4.28
3 info using node@v0.10.36
4 verbose cache add [ 'browserify', null ]
5 verbose cache add name=undefined spec="browserify" args=["browserify",null]
6 verbose parsed url { protocol: null,
6 verbose parsed url   slashes: null,
6 verbose parsed url   auth: null,
6 verbose parsed url   host: null,
6 verbose parsed url   port: null,
6 verbose parsed url   hostname: null,
6 verbose parsed url   hash: null,
6 verbose parsed url   search: null,
6 verbose parsed url   query: null,
6 verbose parsed url   pathname: 'browserify',
6 verbose parsed url   path: 'browserify',
6 verbose parsed url   href: 'browserify' }
7 silly lockFile 84c1c54e-browserify browserify
8 verbose lock browserify /Users/dretelny/.npm/84c1c54e-browserify.lock
9 silly lockFile 84c1c54e-browserify browserify
10 silly lockFile 84c1c54e-browserify browserify
11 verbose addNamed [ 'browserify', '' ]
12 verbose addNamed [ null, '*' ]
13 silly lockFile 80140245-browserify browserify@
14 verbose lock browserify@ /Users/dretelny/.npm/80140245-browserify.lock
15 silly addNameRange { name: 'browserify', range: '*', hasData: false }
16 verbose request where is /browserify
17 verbose request registry https://registry.npmjs.org/
18 verbose request id f1dad27b596a5a1e
19 verbose url raw /browserify
20 verbose url resolving [ 'https://registry.npmjs.org/', './browserify' ]
21 verbose url resolved https://registry.npmjs.org/browserify
22 verbose request where is https://registry.npmjs.org/browserify
23 info trying registry request attempt 1 at 09:24:43
24 http GET https://registry.npmjs.org/browserify
25 http 200 https://registry.npmjs.org/browserify
26 silly registry.get cb [ 200,
26 silly registry.get   { server: 'CouchDB/1.5.0 (Erlang OTP/R16B03)',
26 silly registry.get     etag: '"4CKCMTZFAVGR04TRM9C3W0T44"',
26 silly registry.get     'content-type': 'application/json',
26 silly registry.get     'cache-control': 'max-age=300',
26 silly registry.get     'content-length': '850912',
26 silly registry.get     'accept-ranges': 'bytes',
26 silly registry.get     date: 'Thu, 31 Dec 2015 17:24:47 GMT',
26 silly registry.get     via: '1.1 varnish',
26 silly registry.get     age: '286',
26 silly registry.get     connection: 'keep-alive',
26 silly registry.get     'x-served-by': 'cache-lax1430-LAX',
26 silly registry.get     'x-cache': 'HIT',
26 silly registry.get     'x-cache-hits': '1',
26 silly registry.get     'x-timer': 'S1451582687.073984,VS0,VE2',
26 silly registry.get     vary: 'Accept' } ]
27 silly addNameRange number 2 { name: 'browserify', range: '*', hasData: true }
28 silly addNameRange versions [ 'browserify',
28 silly addNameRange   [ '0.0.1',
28 silly addNameRange     '0.0.2',
28 silly addNameRange     '0.0.3',
28 silly addNameRange     '0.0.4',
28 silly addNameRange     '0.0.5',
28 silly addNameRange     '0.1.0',
28 silly addNameRange     '0.1.1',
28 silly addNameRange     '0.1.2',
28 silly addNameRange     '0.1.3',
28 silly addNameRange     '0.1.4',
28 silly addNameRange     '0.1.5',
28 silly addNameRange     '0.2.0',
28 silly addNameRange     '0.2.1',
28 silly addNameRange     '0.2.2',
28 silly addNameRange     '0.2.3',
28 silly addNameRange     '0.2.4',
28 silly addNameRange     '0.2.5',
28 silly addNameRange     '0.2.6',
28 silly addNameRange     '0.2.7',
28 silly addNameRange     '0.2.8',
28 silly addNameRange     '0.2.9',
28 silly addNameRange     '0.2.10',
28 silly addNameRange     '0.2.11',
28 silly addNameRange     '0.3.0',
28 silly addNameRange     '0.3.1',
28 silly addNameRange     '0.3.2',
28 silly addNameRange     '0.3.3',
28 silly addNameRange     '0.3.4',
28 silly addNameRange     '0.3.5',
28 silly addNameRange     '0.3.6',
28 silly addNameRange     '0.3.7',
28 silly addNameRange     '0.4.0',
28 silly addNameRange     '0.4.1',
28 silly addNameRange     '0.4.2',
28 silly addNameRange     '0.4.3',
28 silly addNameRange     '0.4.4',
28 silly addNameRange     '0.4.5',
28 silly addNameRange     '0.4.6',
28 silly addNameRange     '0.4.7',
28 silly addNameRange     '0.4.8',
28 silly addNameRange     '0.4.9',
28 silly addNameRange     '0.4.10',
28 silly addNameRange     '0.4.11',
28 silly addNameRange     '0.4.12',
28 silly addNameRange     '0.4.13',
28 silly addNameRange     '0.4.14',
28 silly addNameRange     '0.4.15',
28 silly addNameRange     '0.5.0',
28 silly addNameRange     '0.5.1',
28 silly addNameRange     '0.5.2',
28 silly addNameRange     '1.0.0',
28 silly addNameRange     '1.1.0',
28 silly addNameRange     '1.1.1',
28 silly addNameRange     '1.1.2',
28 silly addNameRange     '1.1.3',
28 silly addNameRange     '1.1.4',
28 silly addNameRange     '1.2.0',
28 silly addNameRange     '1.2.1',
28 silly addNameRange     '1.2.2',
28 silly addNameRange     '1.2.3',
28 silly addNameRange     '1.2.4',
28 silly addNameRange     '1.2.5',
28 silly addNameRange     '1.2.6',
28 silly addNameRange     '1.2.7',
28 silly addNameRange     '1.2.8',
28 silly addNameRange     '1.2.9',
28 silly addNameRange     '1.3.0',
28 silly addNameRange     '1.4.0',
28 silly addNameRange     '1.4.1',
28 silly addNameRange     '1.4.2',
28 silly addNameRange     '1.4.3',
28 silly addNameRange     '1.4.4',
28 silly addNameRange     '1.4.5',
28 silly addNameRange     '1.4.6',
28 silly addNameRange     '1.4.7',
28 silly addNameRange     '1.4.8',
28 silly addNameRange     '1.5.0',
28 silly addNameRange     '1.6.0',
28 silly addNameRange     '1.6.1',
28 silly addNameRange     '1.7.0',
28 silly addNameRange     '1.7.1',
28 silly addNameRange     '1.7.2',
28 silly addNameRange     '1.7.3',
28 silly addNameRange     '1.7.4',
28 silly addNameRange     '1.7.5',
28 silly addNameRange     '1.7.6',
28 silly addNameRange     '1.7.7',
28 silly addNameRange     '1.8.0',
28 silly addNameRange     '1.8.1',
28 silly addNameRange     '1.8.2',
28 silly addNameRange     '1.8.3',
28 silly addNameRange     '1.9.0',
28 silly addNameRange     '1.9.1',
28 silly addNameRange     '1.9.2',
28 silly addNameRange     '1.9.3',
28 silly addNameRange     '1.9.4',
28 silly addNameRange     '1.10.0',
28 silly addNameRange     '1.10.1',
28 silly addNameRange     '1.10.2',
28 silly addNameRange     '1.10.3',
28 silly addNameRange     '1.10.4',
28 silly addNameRange     '1.10.5',
28 silly addNameRange     '1.10.6',
28 silly addNameRange     '1.10.7',
28 silly addNameRange     '1.10.8',
28 silly addNameRange     '1.10.9',
28 silly addNameRange     '1.10.11',
28 silly addNameRange     '1.10.12',
28 silly addNameRange     '1.10.13',
28 silly addNameRange     '1.10.14',
28 silly addNameRange     '1.10.15',
28 silly addNameRange     '1.10.16',
28 silly addNameRange     '1.10.17',
28 silly addNameRange     '1.11.0',
28 silly addNameRange     '1.11.1',
28 silly addNameRange     '1.12.0',
28 silly addNameRange     '1.12.1',
28 silly addNameRange     '1.12.2',
28 silly addNameRange     '1.12.3',
28 silly addNameRange     '1.13.0',
28 silly addNameRange     '1.13.1',
28 silly addNameRange     '1.13.2',
28 silly addNameRange     '1.13.3',
28 silly addNameRange     '1.13.4',
28 silly addNameRange     '1.13.5',
28 silly addNameRange     '1.13.6',
28 silly addNameRange     '1.13.8',
28 silly addNameRange     '1.13.9',
28 silly addNameRange     '1.13.10',
28 silly addNameRange     '1.14.0',
28 silly addNameRange     '1.14.1',
28 silly addNameRange     '1.14.2',
28 silly addNameRange     '1.14.3',
28 silly addNameRange     '1.14.4',
28 silly addNameRange     '1.14.5',
28 silly addNameRange     '1.15.0',
28 silly addNameRange     '1.15.1',
28 silly addNameRange     '1.15.2',
28 silly addNameRange     '1.15.3',
28 silly addNameRange     '1.15.4',
28 silly addNameRange     '1.15.5',
28 silly addNameRange     '1.15.6',
28 silly addNameRange     '1.16.0',
28 silly addNameRange     '1.16.1',
28 silly addNameRange     '1.16.2',
28 silly addNameRange     '1.16.3',
28 silly addNameRange     '1.16.4',
28 silly addNameRange     '1.16.5',
28 silly addNameRange     '1.16.6',
28 silly addNameRange     '1.16.7',
28 silly addNameRange     '1.16.8',
28 silly addNameRange     '1.17.0',
28 silly addNameRange     '1.17.1',
28 silly addNameRange     '1.17.2',
28 silly addNameRange     '1.17.3',
28 silly addNameRange     '1.18.0',
28 silly addNameRange     '2.0.0',
28 silly addNameRange     '2.0.1',
28 silly addNameRange     '2.1.0',
28 silly addNameRange     '2.2.0',
28 silly addNameRange     '2.2.1',
28 silly addNameRange     '2.2.2',
28 silly addNameRange     '2.2.3',
28 silly addNameRange     '2.2.4',
28 silly addNameRange     '2.2.5',
28 silly addNameRange     '2.2.6',
28 silly addNameRange     '2.3.0',
28 silly addNameRange     '2.3.1',
28 silly addNameRange     '2.4.0',
28 silly addNameRange     '2.4.1',
28 silly addNameRange     '2.4.2',
28 silly addNameRange     '2.4.3',
28 silly addNameRange     '2.5.0',
28 silly addNameRange     '2.5.1',
28 silly addNameRange     '2.6.0',
28 silly addNameRange     '2.6.1',
28 silly addNameRange     '2.7.0',
28 silly addNameRange     '2.7.1',
28 silly addNameRange     '2.7.2',
28 silly addNameRange     '2.7.3',
28 silly addNameRange     '2.7.4',
28 silly addNameRange     '2.8.0',
28 silly addNameRange     '2.8.1',
28 silly addNameRange     '2.9.0',
28 silly addNameRange     '2.10.0',
28 silly addNameRange     '2.10.1',
28 silly addNameRange     '2.10.2',
28 silly addNameRange     '2.11.0',
28 silly addNameRange     '2.12.0',
28 silly addNameRange     '2.12.1',
28 silly addNameRange     '2.12.2',
28 silly addNameRange     '2.12.3',
28 silly addNameRange     '2.12.4',
28 silly addNameRange     '2.12.5',
28 silly addNameRange     '2.13.0',
28 silly addNameRange     '2.13.1',
28 silly addNameRange     '2.13.2',
28 silly addNameRange     '2.13.3',
28 silly addNameRange     '2.14.0',
28 silly addNameRange     '2.14.1',
28 silly addNameRange     '2.14.2',
28 silly addNameRange     '2.15.0',
28 silly addNameRange     '2.16.0',
28 silly addNameRange     '2.17.0',
28 silly addNameRange     '2.17.1',
28 silly addNameRange     '2.17.2',
28 silly addNameRange     '2.17.3',
28 silly addNameRange     '2.17.4',
28 silly addNameRange     '2.18.0',
28 silly addNameRange     '2.18.1',
28 silly addNameRange     '2.19.0',
28 silly addNameRange     '2.20.0',
28 silly addNameRange     '2.20.1',
28 silly addNameRange     '2.20.2',
28 silly addNameRange     '2.21.0',
28 silly addNameRange     '2.22.0',
28 silly addNameRange     '2.23.0',
28 silly addNameRange     '2.23.1',
28 silly addNameRange     '2.24.0',
28 silly addNameRange     '2.24.1',
28 silly addNameRange     '2.24.2',
28 silly addNameRange     '2.24.3',
28 silly addNameRange     '2.25.0',
28 silly addNameRange     '2.25.1',
28 silly addNameRange     '2.26.0',
28 silly addNameRange     '2.27.0',
28 silly addNameRange     '2.27.1',
28 silly addNameRange     '2.28.0',
28 silly addNameRange     '2.29.0',
28 silly addNameRange     '2.29.1',
28 silly addNameRange     '2.30.0',
28 silly addNameRange     '2.31.0',
28 silly addNameRange     '2.32.0',
28 silly addNameRange     '2.32.1',
28 silly addNameRange     '2.32.2',
28 silly addNameRange     '2.32.3',
28 silly addNameRange     '2.32.4',
28 silly addNameRange     '2.33.0',
28 silly addNameRange     '2.33.1',
28 silly addNameRange     '2.34.0',
28 silly addNameRange     '2.34.1',
28 silly addNameRange     '2.34.2',
28 silly addNameRange     '2.34.3',
28 silly addNameRange     '2.35.0',
28 silly addNameRange     '2.35.1',
28 silly addNameRange     '2.35.2',
28 silly addNameRange     '2.35.3',
28 silly addNameRange     '2.35.4',
28 silly addNameRange     '2.36.0',
28 silly addNameRange     '2.36.1',
28 silly addNameRange     '3.0.0',
28 silly addNameRange     '3.1.0',
28 silly addNameRange     '3.1.1',
28 silly addNameRange     '3.1.2',
28 silly addNameRange     '3.1.3',
28 silly addNameRange     '3.2.0',
28 silly addNameRange     '3.2.1',
28 silly addNameRange     '3.2.2',
28 silly addNameRange     '3.3.0',
28 silly addNameRange     '3.4.0',
28 silly addNameRange     '3.4.1',
28 silly addNameRange     '3.5.0',
28 silly addNameRange     '3.6.0',
28 silly addNameRange     '3.7.0',
28 silly addNameRange     '3.8.0',
28 silly addNameRange     '3.8.1',
28 silly addNameRange     '3.9.0',
28 silly addNameRange     '3.9.1',
28 silly addNameRange     '3.10.0',
28 silly addNameRange     '3.11.0',
28 silly addNameRange     '3.11.1',
28 silly addNameRange     '3.12.0',
28 silly addNameRange     '3.13.0',
28 silly addNameRange     '3.14.0',
28 silly addNameRange     '3.14.1',
28 silly addNameRange     '3.16.0',
28 silly addNameRange     '3.16.1',
28 silly addNameRange     '3.17.0',
28 silly addNameRange     '3.18.0',
28 silly addNameRange     '3.19.0',
28 silly addNameRange     '3.19.1',
28 silly addNameRange     '3.20.0',
28 silly addNameRange     '3.20.1',
28 silly addNameRange     '3.20.2',
28 silly addNameRange     '3.21.0',
28 silly addNameRange     '3.21.1',
28 silly addNameRange     '3.22.0',
28 silly addNameRange     '3.22.1',
28 silly addNameRange     '3.23.0',
28 silly addNameRange     '3.23.1',
28 silly addNameRange     '3.24.0',
28 silly addNameRange     '3.24.1',
28 silly addNameRange     '3.24.2',
28 silly addNameRange     '3.24.3',
28 silly addNameRange     '3.24.4',
28 silly addNameRange     '3.24.5',
28 silly addNameRange     '3.24.6',
28 silly addNameRange     '3.24.7',
28 silly addNameRange     '3.24.8',
28 silly addNameRange     '3.24.9',
28 silly addNameRange     '3.24.10',
28 silly addNameRange     '3.24.11',
28 silly addNameRange     '3.24.13',
28 silly addNameRange     '3.25.0',
28 silly addNameRange     '3.25.1',
28 silly addNameRange     '3.25.2',
28 silly addNameRange     '3.26.0',
28 silly addNameRange     '3.27.0',
28 silly addNameRange     '3.27.1',
28 silly addNameRange     '3.28.0',
28 silly addNameRange     '3.28.1',
28 silly addNameRange     '3.28.2',
28 silly addNameRange     '3.29.0',
28 silly addNameRange     '3.29.1',
28 silly addNameRange     '3.30.0',
28 silly addNameRange     '3.30.1',
28 silly addNameRange     '3.30.2',
28 silly addNameRange     '3.30.3',
28 silly addNameRange     '3.30.4',
28 silly addNameRange     '3.31.0',
28 silly addNameRange     '3.31.1',
28 silly addNameRange     '3.31.2',
28 silly addNameRange     '3.32.0',
28 silly addNameRange     '3.32.1',
28 silly addNameRange     '3.33.0',
28 silly addNameRange     '3.33.1',
28 silly addNameRange     '3.34.0',
28 silly addNameRange     '3.35.0',
28 silly addNameRange     '3.36.0',
28 silly addNameRange     '3.36.1',
28 silly addNameRange     '3.37.0',
28 silly addNameRange     '3.37.1',
28 silly addNameRange     '3.37.2',
28 silly addNameRange     '3.38.0',
28 silly addNameRange     '3.38.1',
28 silly addNameRange     '3.39.0',
28 silly addNameRange     '3.40.0',
28 silly addNameRange     '3.40.1',
28 silly addNameRange     '3.40.2',
28 silly addNameRange     '3.40.3',
28 silly addNameRange     '3.40.4',
28 silly addNameRange     '3.41.0',
28 silly addNameRange     '3.42.0',
28 silly addNameRange     '3.43.0',
28 silly addNameRange     '3.44.0',
28 silly addNameRange     '3.44.1',
28 silly addNameRange     '3.44.2',
28 silly addNameRange     '3.45.0',
28 silly addNameRange     '3.46.0',
28 silly addNameRange     '3.46.1',
28 silly addNameRange     '4.0.0',
28 silly addNameRange     '4.1.0',
28 silly addNameRange     '4.1.1',
28 silly addNameRange     '4.1.2',
28 silly addNameRange     '4.1.3',
28 silly addNameRange     '4.1.4',
28 silly addNameRange     '4.1.5',
28 silly addNameRange     '4.1.6',
28 silly addNameRange     '4.1.7',
28 silly addNameRange     '4.1.8',
28 silly addNameRange     '4.1.9',
28 silly addNameRange     '4.1.10',
28 silly addNameRange     '4.1.11',
28 silly addNameRange     '4.2.0',
28 silly addNameRange     '4.2.1',
28 silly addNameRange     '4.2.2',
28 silly addNameRange     '4.2.3',
28 silly addNameRange     '5.0.0',
28 silly addNameRange     '5.0.1',
28 silly addNameRange     '5.0.2',
28 silly addNameRange     '5.0.3',
28 silly addNameRange     '5.0.4',
28 silly addNameRange     '5.0.5',
28 silly addNameRange     '5.0.6',
28 silly addNameRange     '5.0.7',
28 silly addNameRange     '5.0.8',
28 silly addNameRange     '5.1.0',
28 silly addNameRange     '5.1.1',
28 silly addNameRange     '5.2.0',
28 silly addNameRange     '5.2.1',
28 silly addNameRange     '5.3.0',
28 silly addNameRange     '5.4.0',
28 silly addNameRange     '5.4.1',
28 silly addNameRange     '5.4.2',
28 silly addNameRange     '5.5.0',
28 silly addNameRange     '5.6.0',
28 silly addNameRange     '5.6.1',
28 silly addNameRange     '5.7.0',
28 silly addNameRange     '5.8.0',
28 silly addNameRange     '5.9.0',
28 silly addNameRange     '5.9.1',
28 silly addNameRange     '5.9.2',
28 silly addNameRange     '5.9.3',
28 silly addNameRange     '5.10.0',
28 silly addNameRange     '5.10.1',
28 silly addNameRange     '5.11.0',
28 silly addNameRange     '5.11.1',
28 silly addNameRange     '5.11.2',
28 silly addNameRange     '5.12.0',
28 silly addNameRange     '5.12.1',
28 silly addNameRange     '5.12.2',
28 silly addNameRange     '5.13.0',
28 silly addNameRange     '5.13.1',
28 silly addNameRange     '6.0.0',
28 silly addNameRange     '6.0.1',
28 silly addNameRange     '6.0.2',
28 silly addNameRange     '6.0.3',
28 silly addNameRange     '6.1.0',
28 silly addNameRange     '6.1.1',
28 silly addNameRange     '6.1.2',
28 silly addNameRange     '6.2.0',
28 silly addNameRange     '6.3.0',
28 silly addNameRange     '6.3.1',
28 silly addNameRange     '6.3.2',
28 silly addNameRange     '6.3.3',
28 silly addNameRange     '6.3.4',
28 silly addNameRange     '7.0.0',
28 silly addNameRange     '7.0.1',
28 silly addNameRange     '7.0.2',
28 silly addNameRange     '7.0.3',
28 silly addNameRange     '7.1.0',
28 silly addNameRange     '8.0.0',
28 silly addNameRange     '8.0.1',
28 silly addNameRange     '8.0.2',
28 silly addNameRange     '8.0.3',
28 silly addNameRange     '8.1.0',
28 silly addNameRange     '8.1.1',
28 silly addNameRange     '8.1.2',
28 silly addNameRange     '8.1.3',
28 silly addNameRange     '9.0.0',
28 silly addNameRange     '9.0.1',
28 silly addNameRange     '9.0.2',
28 silly addNameRange     '9.0.3',
28 silly addNameRange     '9.0.4',
28 silly addNameRange     '9.0.5',
28 silly addNameRange     '9.0.6',
28 silly addNameRange     '9.0.7',
28 silly addNameRange     '9.0.8',
28 silly addNameRange     '10.0.0',
28 silly addNameRange     '10.1.0',
28 silly addNameRange     '10.1.1',
28 silly addNameRange     '10.1.2',
28 silly addNameRange     '10.1.3',
28 silly addNameRange     '10.2.0',
28 silly addNameRange     '10.2.1',
28 silly addNameRange     '10.2.3',
28 silly addNameRange     '10.2.4',
28 silly addNameRange     '10.2.5',
28 silly addNameRange     '10.2.6',
28 silly addNameRange     '11.0.0',
28 silly addNameRange     '11.0.1',
28 silly addNameRange     '11.1.0',
28 silly addNameRange     '11.2.0',
28 silly addNameRange     '12.0.0',
28 silly addNameRange     '12.0.1' ] ]
29 verbose addNamed [ 'browserify', '12.0.1' ]
30 verbose addNamed [ '12.0.1', '12.0.1' ]
31 silly lockFile 8ed522c4-browserify-12-0-1 browserify@12.0.1
32 verbose lock browserify@12.0.1 /Users/dretelny/.npm/8ed522c4-browserify-12-0-1.lock
33 silly lockFile a5bb3c5a-browserify-browserify-12-0-1-tgz https://registry.npmjs.org/browserify/-/browserify-12.0.1.tgz
34 verbose lock https://registry.npmjs.org/browserify/-/browserify-12.0.1.tgz /Users/dretelny/.npm/a5bb3c5a-browserify-browserify-12-0-1-tgz.lock
35 verbose addRemoteTarball [ 'https://registry.npmjs.org/browserify/-/browserify-12.0.1.tgz',
35 verbose addRemoteTarball   '2e0bd015384ed07feaac5b6466bd582c5085ec3e' ]
36 info retry fetch attempt 1 at 09:24:49
37 verbose fetch to= /var/folders/n8/y23_9bcs5xxb4q2n8htq20z00000gn/T/npm-34974-_hfEMXc9/registry.npmjs.org/browserify/-/browserify-12.0.1.tgz
38 http GET https://registry.npmjs.org/browserify/-/browserify-12.0.1.tgz
39 http 200 https://registry.npmjs.org/browserify/-/browserify-12.0.1.tgz
40 silly lockFile a5bb3c5a-browserify-browserify-12-0-1-tgz https://registry.npmjs.org/browserify/-/browserify-12.0.1.tgz
41 silly lockFile a5bb3c5a-browserify-browserify-12-0-1-tgz https://registry.npmjs.org/browserify/-/browserify-12.0.1.tgz
42 silly lockFile 8ed522c4-browserify-12-0-1 browserify@12.0.1
43 silly lockFile 8ed522c4-browserify-12-0-1 browserify@12.0.1
44 silly lockFile 80140245-browserify browserify@
45 silly lockFile 80140245-browserify browserify@
46 silly resolved [ { name: 'browserify',
46 silly resolved     version: '12.0.1',
46 silly resolved     description: 'browser-side require() the node way',
46 silly resolved     main: 'index.js',
46 silly resolved     bin: { browserify: 'bin/cmd.js' },
46 silly resolved     repository:
46 silly resolved      { type: 'git',
46 silly resolved        url: 'git+ssh://git@github.com/substack/node-browserify.git' },
46 silly resolved     keywords:
46 silly resolved      [ 'browser',
46 silly resolved        'require',
46 silly resolved        'commonjs',
46 silly resolved        'commonj-esque',
46 silly resolved        'bundle',
46 silly resolved        'npm',
46 silly resolved        'javascript' ],
46 silly resolved     dependencies:
46 silly resolved      { JSONStream: '^1.0.3',
46 silly resolved        assert: '~1.3.0',
46 silly resolved        'browser-pack': '^6.0.1',
46 silly resolved        'browser-resolve': '^1.7.1',
46 silly resolved        'browserify-zlib': '~0.1.2',
46 silly resolved        buffer: '^3.4.3',
46 silly resolved        'concat-stream': '~1.5.1',
46 silly resolved        'console-browserify': '^1.1.0',
46 silly resolved        'constants-browserify': '~1.0.0',
46 silly resolved        'crypto-browserify': '^3.0.0',
46 silly resolved        defined: '^1.0.0',
46 silly resolved        'deps-sort': '^2.0.0',
46 silly resolved        'domain-browser': '~1.1.0',
46 silly resolved        duplexer2: '~0.1.2',
46 silly resolved        events: '~1.1.0',
46 silly resolved        glob: '^5.0.15',
46 silly resolved        has: '^1.0.0',
46 silly resolved        htmlescape: '^1.1.0',
46 silly resolved        'stream-http': '^2.0.0',
46 silly resolved        'https-browserify': '~0.0.0',
46 silly resolved        inherits: '~2.0.1',
46 silly resolved        'insert-module-globals': '^7.0.0',
46 silly resolved        isarray: '0.0.1',
46 silly resolved        'labeled-stream-splicer': '^2.0.0',
46 silly resolved        'module-deps': '^4.0.2',
46 silly resolved        'os-browserify': '~0.1.1',
46 silly resolved        parents: '^1.0.1',
46 silly resolved        'path-browserify': '~0.0.0',
46 silly resolved        process: '~0.11.0',
46 silly resolved        punycode: '^1.3.2',
46 silly resolved        'querystring-es3': '~0.2.0',
46 silly resolved        'read-only-stream': '^2.0.0',
46 silly resolved        'readable-stream': '^2.0.2',
46 silly resolved        resolve: '^1.1.4',
46 silly resolved        shasum: '^1.0.0',
46 silly resolved        'shell-quote': '^1.4.3',
46 silly resolved        'stream-browserify': '^2.0.0',
46 silly resolved        string_decoder: '~0.10.0',
46 silly resolved        subarg: '^1.0.0',
46 silly resolved        'syntax-error': '^1.1.1',
46 silly resolved        through2: '^2.0.0',
46 silly resolved        'timers-browserify': '^1.0.1',
46 silly resolved        'tty-browserify': '~0.0.0',
46 silly resolved        url: '~0.11.0',
46 silly resolved        util: '~0.10.1',
46 silly resolved        'vm-browserify': '~0.0.1',
46 silly resolved        xtend: '^4.0.0' },
46 silly resolved     devDependencies:
46 silly resolved      { backbone: '~0.9.2',
46 silly resolved        'browser-unpack': '^1.1.1',
46 silly resolved        'coffee-script': '~1.10.0',
46 silly resolved        coffeeify: '~1.1.0',
46 silly resolved        es6ify: '~0.4.8',
46 silly resolved        isstream: '^0.1.2',
46 silly resolved        seq: '0.3.5',
46 silly resolved        tap: '^2.2.0',
46 silly resolved        temp: '^0.8.1',
46 silly resolved        through: '^2.3.4' },
46 silly resolved     author:
46 silly resolved      { name: 'James Halliday',
46 silly resolved        email: 'mail@substack.net',
46 silly resolved        url: 'http://substack.net' },
46 silly resolved     scripts: { test: 'tap test/*.js' },
46 silly resolved     license: 'MIT',
46 silly resolved     gitHead: 'bbfabaa77fd18e81fe4fd74e104a8a793660f5c5',
46 silly resolved     bugs: { url: 'https://github.com/substack/node-browserify/issues' },
46 silly resolved     homepage: 'https://github.com/substack/node-browserify#readme',
46 silly resolved     _id: 'browserify@12.0.1',
46 silly resolved     _shasum: '2e0bd015384ed07feaac5b6466bd582c5085ec3e',
46 silly resolved     _from: 'browserify@',
46 silly resolved     _npmVersion: '3.3.2',
46 silly resolved     _nodeVersion: '4.2.1',
46 silly resolved     _npmUser: { name: 'substack', email: 'substack@gmail.com' },
46 silly resolved     dist:
46 silly resolved      { shasum: '2e0bd015384ed07feaac5b6466bd582c5085ec3e',
46 silly resolved        tarball: 'http://registry.npmjs.org/browserify/-/browserify-12.0.1.tgz' },
46 silly resolved     maintainers:
46 silly resolved      [ [Object],
46 silly resolved        [Object],
46 silly resolved        [Object],
46 silly resolved        [Object],
46 silly resolved        [Object],
46 silly resolved        [Object],
46 silly resolved        [Object],
46 silly resolved        [Object],
46 silly resolved        [Object],
46 silly resolved        [Object] ],
46 silly resolved     directories: {},
46 silly resolved     _resolved: 'https://registry.npmjs.org/browserify/-/browserify-12.0.1.tgz' } ]
47 info install browserify@12.0.1 into /usr/local/lib
48 info installOne browserify@12.0.1
49 verbose lib/node_modules/browserify unbuild
50 verbose tar unpack /Users/dretelny/.npm/browserify/12.0.1/package.tgz
51 silly lockFile 1b5a9d3b-ocal-lib-node-modules-browserify tar:///usr/local/lib/node_modules/browserify
52 verbose lock tar:///usr/local/lib/node_modules/browserify /Users/dretelny/.npm/1b5a9d3b-ocal-lib-node-modules-browserify.lock
53 silly lockFile 33406ef6-pm-browserify-12-0-1-package-tgz tar:///Users/dretelny/.npm/browserify/12.0.1/package.tgz
54 verbose lock tar:///Users/dretelny/.npm/browserify/12.0.1/package.tgz /Users/dretelny/.npm/33406ef6-pm-browserify-12-0-1-package-tgz.lock
55 silly gunzTarPerm modes [ '755', '644' ]
56 error Error: EACCES, mkdir '/usr/local/lib/node_modules/browserify'
56 error  { [Error: EACCES, mkdir '/usr/local/lib/node_modules/browserify']
56 error   errno: 3,
56 error   code: 'EACCES',
56 error   path: '/usr/local/lib/node_modules/browserify',
56 error   fstream_type: 'Directory',
56 error   fstream_path: '/usr/local/lib/node_modules/browserify',
56 error   fstream_class: 'DirWriter',
56 error   fstream_stack:
56 error    [ '/usr/local/lib/node_modules/npm/node_modules/fstream/lib/dir-writer.js:36:23',
56 error      '/usr/local/lib/node_modules/npm/node_modules/mkdirp/index.js:46:53',
56 error      'Object.oncomplete (fs.js:108:15)' ] }
57 error Please try running this command again as root/Administrator.
58 error System Darwin 15.2.0
59 error command "node" "/usr/local/bin/npm" "install" "-g" "browserify"
60 error cwd /Users/dretelny/Documents/foundry
61 error node -v v0.10.36
62 error npm -v 1.4.28
63 error path /usr/local/lib/node_modules/browserify
64 error fstream_path /usr/local/lib/node_modules/browserify
65 error fstream_type Directory
66 error fstream_class DirWriter
67 error code EACCES
68 error errno 3
69 error stack Error: EACCES, mkdir '/usr/local/lib/node_modules/browserify'
70 error fstream_stack /usr/local/lib/node_modules/npm/node_modules/fstream/lib/dir-writer.js:36:23
70 error fstream_stack /usr/local/lib/node_modules/npm/node_modules/mkdirp/index.js:46:53
70 error fstream_stack Object.oncomplete (fs.js:108:15)
71 verbose exit [ 3, true ]
